<?xml version="1.0" encoding="UTF-8"?>
<testsuite xmlns:xsi="http://www.w3.org/2001/XMLSchema-instance" xsi:noNamespaceSchemaLocation="https://maven.apache.org/surefire/maven-surefire-plugin/xsd/surefire-test-report.xsd" name="br.com.restassuredapitesting.runners.AllTests" time="65.072" tests="22" errors="0" skipped="0" failures="4">
  <properties>
    <property name="sun.desktop" value="windows"/>
    <property name="awt.toolkit" value="sun.awt.windows.WToolkit"/>
    <property name="file.encoding.pkg" value="sun.io"/>
    <property name="java.specification.version" value="1.8"/>
    <property name="sun.cpu.isalist" value="amd64"/>
    <property name="sun.jnu.encoding" value="Cp1252"/>
    <property name="java.class.path" value="D:\OneDrive\TecnologiaInformacao\CWI-Reset\restassuredapitesting\target\test-classes;D:\OneDrive\TecnologiaInformacao\CWI-Reset\restassuredapitesting\target\classes;C:\Users\mathe\.m2\repository\org\apache\logging\log4j\log4j-slf4j-impl\2.13.1\log4j-slf4j-impl-2.13.1.jar;C:\Users\mathe\.m2\repository\org\apache\logging\log4j\log4j-api\2.13.1\log4j-api-2.13.1.jar;C:\Users\mathe\.m2\repository\org\apache\logging\log4j\log4j-core\2.13.1\log4j-core-2.13.1.jar;C:\Users\mathe\.m2\repository\org\projectlombok\lombok\1.18.6\lombok-1.18.6.jar;C:\Users\mathe\.m2\repository\com\googlecode\json-simple\json-simple\1.1.1\json-simple-1.1.1.jar;C:\Users\mathe\.m2\repository\junit\junit\4.12\junit-4.12.jar;C:\Users\mathe\.m2\repository\org\hamcrest\hamcrest-core\1.3\hamcrest-core-1.3.jar;C:\Users\mathe\.m2\repository\io\rest-assured\rest-assured\3.1.0\rest-assured-3.1.0.jar;C:\Users\mathe\.m2\repository\org\codehaus\groovy\groovy\2.4.12\groovy-2.4.12.jar;C:\Users\mathe\.m2\repository\org\codehaus\groovy\groovy-xml\2.4.12\groovy-xml-2.4.12.jar;C:\Users\mathe\.m2\repository\org\apache\httpcomponents\httpclient\4.5.3\httpclient-4.5.3.jar;C:\Users\mathe\.m2\repository\org\apache\httpcomponents\httpcore\4.4.6\httpcore-4.4.6.jar;C:\Users\mathe\.m2\repository\commons-logging\commons-logging\1.2\commons-logging-1.2.jar;C:\Users\mathe\.m2\repository\commons-codec\commons-codec\1.9\commons-codec-1.9.jar;C:\Users\mathe\.m2\repository\org\apache\httpcomponents\httpmime\4.5.1\httpmime-4.5.1.jar;C:\Users\mathe\.m2\repository\org\hamcrest\hamcrest-library\1.3\hamcrest-library-1.3.jar;C:\Users\mathe\.m2\repository\org\ccil\cowan\tagsoup\tagsoup\1.2.1\tagsoup-1.2.1.jar;C:\Users\mathe\.m2\repository\io\rest-assured\xml-path\3.1.0\xml-path-3.1.0.jar;C:\Users\mathe\.m2\repository\javax\xml\bind\jaxb-api\2.2.12\jaxb-api-2.2.12.jar;C:\Users\mathe\.m2\repository\io\rest-assured\json-schema-validator\3.1.0\json-schema-validator-3.1.0.jar;C:\Users\mathe\.m2\repository\com\github\fge\json-schema-validator\2.2.6\json-schema-validator-2.2.6.jar;C:\Users\mathe\.m2\repository\com\google\code\findbugs\jsr305\3.0.0\jsr305-3.0.0.jar;C:\Users\mathe\.m2\repository\joda-time\joda-time\2.3\joda-time-2.3.jar;C:\Users\mathe\.m2\repository\com\googlecode\libphonenumber\libphonenumber\6.2\libphonenumber-6.2.jar;C:\Users\mathe\.m2\repository\com\github\fge\json-schema-core\1.2.5\json-schema-core-1.2.5.jar;C:\Users\mathe\.m2\repository\com\github\fge\uri-template\0.9\uri-template-0.9.jar;C:\Users\mathe\.m2\repository\com\github\fge\msg-simple\1.1\msg-simple-1.1.jar;C:\Users\mathe\.m2\repository\com\github\fge\btf\1.2\btf-1.2.jar;C:\Users\mathe\.m2\repository\com\google\guava\guava\16.0.1\guava-16.0.1.jar;C:\Users\mathe\.m2\repository\com\github\fge\jackson-coreutils\1.8\jackson-coreutils-1.8.jar;C:\Users\mathe\.m2\repository\org\mozilla\rhino\1.7R4\rhino-1.7R4.jar;C:\Users\mathe\.m2\repository\javax\mail\mailapi\1.4.3\mailapi-1.4.3.jar;C:\Users\mathe\.m2\repository\javax\activation\activation\1.1\activation-1.1.jar;C:\Users\mathe\.m2\repository\net\sf\jopt-simple\jopt-simple\4.6\jopt-simple-4.6.jar;C:\Users\mathe\.m2\repository\com\github\javafaker\javafaker\1.0.1\javafaker-1.0.1.jar;C:\Users\mathe\.m2\repository\org\apache\commons\commons-lang3\3.5\commons-lang3-3.5.jar;C:\Users\mathe\.m2\repository\org\yaml\snakeyaml\1.23\snakeyaml-1.23-android.jar;C:\Users\mathe\.m2\repository\com\github\mifmif\generex\1.0.2\generex-1.0.2.jar;C:\Users\mathe\.m2\repository\dk\brics\automaton\automaton\1.11-8\automaton-1.11-8.jar;C:\Users\mathe\.m2\repository\io\rest-assured\json-path\3.1.0\json-path-3.1.0.jar;C:\Users\mathe\.m2\repository\org\codehaus\groovy\groovy-json\2.4.12\groovy-json-2.4.12.jar;C:\Users\mathe\.m2\repository\io\rest-assured\rest-assured-common\3.1.0\rest-assured-common-3.1.0.jar;C:\Users\mathe\.m2\repository\io\qameta\allure\allure-junit4\2.9.0\allure-junit4-2.9.0.jar;C:\Users\mathe\.m2\repository\io\qameta\allure\allure-java-commons\2.9.0\allure-java-commons-2.9.0.jar;C:\Users\mathe\.m2\repository\io\qameta\allure\allure-model\2.9.0\allure-model-2.9.0.jar;C:\Users\mathe\.m2\repository\com\fasterxml\jackson\core\jackson-databind\2.9.7\jackson-databind-2.9.7.jar;C:\Users\mathe\.m2\repository\com\fasterxml\jackson\core\jackson-annotations\2.9.0\jackson-annotations-2.9.0.jar;C:\Users\mathe\.m2\repository\com\fasterxml\jackson\core\jackson-core\2.9.7\jackson-core-2.9.7.jar;C:\Users\mathe\.m2\repository\org\apache\tika\tika-core\1.19.1\tika-core-1.19.1.jar;C:\Users\mathe\.m2\repository\org\aspectj\aspectjrt\1.9.1\aspectjrt-1.9.1.jar;C:\Users\mathe\.m2\repository\org\jooq\joor-java-8\0.9.9\joor-java-8-0.9.9.jar;C:\Users\mathe\.m2\repository\org\slf4j\slf4j-api\1.7.26\slf4j-api-1.7.26.jar;C:\Users\mathe\.m2\repository\org\json\json\20190722\json-20190722.jar;"/>
    <property name="java.vm.vendor" value="Temurin"/>
    <property name="sun.arch.data.model" value="64"/>
    <property name="user.variant" value=""/>
    <property name="java.vendor.url" value="https://adoptium.net/"/>
    <property name="user.timezone" value=""/>
    <property name="java.vm.specification.version" value="1.8"/>
    <property name="os.name" value="Windows 10"/>
    <property name="user.country" value="BR"/>
    <property name="sun.java.launcher" value="SUN_STANDARD"/>
    <property name="sun.boot.library.path" value="C:\Program Files\Eclipse Foundation\jdk-8.0.302.8-hotspot\jre\bin"/>
    <property name="sun.java.command" value="C:\Users\mathe\AppData\Local\Temp\surefire4633659040477553675\surefirebooter4096962591830337976.jar C:\Users\mathe\AppData\Local\Temp\surefire4633659040477553675 2021-10-27T19-10-18_640-jvmRun1 surefire3984140271489279107tmp surefire_07090708752484824340tmp"/>
    <property name="surefire.test.class.path" value="D:\OneDrive\TecnologiaInformacao\CWI-Reset\restassuredapitesting\target\test-classes;D:\OneDrive\TecnologiaInformacao\CWI-Reset\restassuredapitesting\target\classes;C:\Users\mathe\.m2\repository\org\apache\logging\log4j\log4j-slf4j-impl\2.13.1\log4j-slf4j-impl-2.13.1.jar;C:\Users\mathe\.m2\repository\org\apache\logging\log4j\log4j-api\2.13.1\log4j-api-2.13.1.jar;C:\Users\mathe\.m2\repository\org\apache\logging\log4j\log4j-core\2.13.1\log4j-core-2.13.1.jar;C:\Users\mathe\.m2\repository\org\projectlombok\lombok\1.18.6\lombok-1.18.6.jar;C:\Users\mathe\.m2\repository\com\googlecode\json-simple\json-simple\1.1.1\json-simple-1.1.1.jar;C:\Users\mathe\.m2\repository\junit\junit\4.12\junit-4.12.jar;C:\Users\mathe\.m2\repository\org\hamcrest\hamcrest-core\1.3\hamcrest-core-1.3.jar;C:\Users\mathe\.m2\repository\io\rest-assured\rest-assured\3.1.0\rest-assured-3.1.0.jar;C:\Users\mathe\.m2\repository\org\codehaus\groovy\groovy\2.4.12\groovy-2.4.12.jar;C:\Users\mathe\.m2\repository\org\codehaus\groovy\groovy-xml\2.4.12\groovy-xml-2.4.12.jar;C:\Users\mathe\.m2\repository\org\apache\httpcomponents\httpclient\4.5.3\httpclient-4.5.3.jar;C:\Users\mathe\.m2\repository\org\apache\httpcomponents\httpcore\4.4.6\httpcore-4.4.6.jar;C:\Users\mathe\.m2\repository\commons-logging\commons-logging\1.2\commons-logging-1.2.jar;C:\Users\mathe\.m2\repository\commons-codec\commons-codec\1.9\commons-codec-1.9.jar;C:\Users\mathe\.m2\repository\org\apache\httpcomponents\httpmime\4.5.1\httpmime-4.5.1.jar;C:\Users\mathe\.m2\repository\org\hamcrest\hamcrest-library\1.3\hamcrest-library-1.3.jar;C:\Users\mathe\.m2\repository\org\ccil\cowan\tagsoup\tagsoup\1.2.1\tagsoup-1.2.1.jar;C:\Users\mathe\.m2\repository\io\rest-assured\xml-path\3.1.0\xml-path-3.1.0.jar;C:\Users\mathe\.m2\repository\javax\xml\bind\jaxb-api\2.2.12\jaxb-api-2.2.12.jar;C:\Users\mathe\.m2\repository\io\rest-assured\json-schema-validator\3.1.0\json-schema-validator-3.1.0.jar;C:\Users\mathe\.m2\repository\com\github\fge\json-schema-validator\2.2.6\json-schema-validator-2.2.6.jar;C:\Users\mathe\.m2\repository\com\google\code\findbugs\jsr305\3.0.0\jsr305-3.0.0.jar;C:\Users\mathe\.m2\repository\joda-time\joda-time\2.3\joda-time-2.3.jar;C:\Users\mathe\.m2\repository\com\googlecode\libphonenumber\libphonenumber\6.2\libphonenumber-6.2.jar;C:\Users\mathe\.m2\repository\com\github\fge\json-schema-core\1.2.5\json-schema-core-1.2.5.jar;C:\Users\mathe\.m2\repository\com\github\fge\uri-template\0.9\uri-template-0.9.jar;C:\Users\mathe\.m2\repository\com\github\fge\msg-simple\1.1\msg-simple-1.1.jar;C:\Users\mathe\.m2\repository\com\github\fge\btf\1.2\btf-1.2.jar;C:\Users\mathe\.m2\repository\com\google\guava\guava\16.0.1\guava-16.0.1.jar;C:\Users\mathe\.m2\repository\com\github\fge\jackson-coreutils\1.8\jackson-coreutils-1.8.jar;C:\Users\mathe\.m2\repository\org\mozilla\rhino\1.7R4\rhino-1.7R4.jar;C:\Users\mathe\.m2\repository\javax\mail\mailapi\1.4.3\mailapi-1.4.3.jar;C:\Users\mathe\.m2\repository\javax\activation\activation\1.1\activation-1.1.jar;C:\Users\mathe\.m2\repository\net\sf\jopt-simple\jopt-simple\4.6\jopt-simple-4.6.jar;C:\Users\mathe\.m2\repository\com\github\javafaker\javafaker\1.0.1\javafaker-1.0.1.jar;C:\Users\mathe\.m2\repository\org\apache\commons\commons-lang3\3.5\commons-lang3-3.5.jar;C:\Users\mathe\.m2\repository\org\yaml\snakeyaml\1.23\snakeyaml-1.23-android.jar;C:\Users\mathe\.m2\repository\com\github\mifmif\generex\1.0.2\generex-1.0.2.jar;C:\Users\mathe\.m2\repository\dk\brics\automaton\automaton\1.11-8\automaton-1.11-8.jar;C:\Users\mathe\.m2\repository\io\rest-assured\json-path\3.1.0\json-path-3.1.0.jar;C:\Users\mathe\.m2\repository\org\codehaus\groovy\groovy-json\2.4.12\groovy-json-2.4.12.jar;C:\Users\mathe\.m2\repository\io\rest-assured\rest-assured-common\3.1.0\rest-assured-common-3.1.0.jar;C:\Users\mathe\.m2\repository\io\qameta\allure\allure-junit4\2.9.0\allure-junit4-2.9.0.jar;C:\Users\mathe\.m2\repository\io\qameta\allure\allure-java-commons\2.9.0\allure-java-commons-2.9.0.jar;C:\Users\mathe\.m2\repository\io\qameta\allure\allure-model\2.9.0\allure-model-2.9.0.jar;C:\Users\mathe\.m2\repository\com\fasterxml\jackson\core\jackson-databind\2.9.7\jackson-databind-2.9.7.jar;C:\Users\mathe\.m2\repository\com\fasterxml\jackson\core\jackson-annotations\2.9.0\jackson-annotations-2.9.0.jar;C:\Users\mathe\.m2\repository\com\fasterxml\jackson\core\jackson-core\2.9.7\jackson-core-2.9.7.jar;C:\Users\mathe\.m2\repository\org\apache\tika\tika-core\1.19.1\tika-core-1.19.1.jar;C:\Users\mathe\.m2\repository\org\aspectj\aspectjrt\1.9.1\aspectjrt-1.9.1.jar;C:\Users\mathe\.m2\repository\org\jooq\joor-java-8\0.9.9\joor-java-8-0.9.9.jar;C:\Users\mathe\.m2\repository\org\slf4j\slf4j-api\1.7.26\slf4j-api-1.7.26.jar;C:\Users\mathe\.m2\repository\org\json\json\20190722\json-20190722.jar;"/>
    <property name="test" value="AllTests"/>
    <property name="allure.results.directory" value="D:\OneDrive\TecnologiaInformacao\CWI-Reset\restassuredapitesting\target/allure-results"/>
    <property name="sun.cpu.endian" value="little"/>
    <property name="user.home" value="C:\Users\mathe"/>
    <property name="user.language" value="pt"/>
    <property name="java.specification.vendor" value="Oracle Corporation"/>
    <property name="java.home" value="C:\Program Files\Eclipse Foundation\jdk-8.0.302.8-hotspot\jre"/>
    <property name="basedir" value="D:\OneDrive\TecnologiaInformacao\CWI-Reset\restassuredapitesting"/>
    <property name="file.separator" value="\"/>
    <property name="line.separator" value="&#10;"/>
    <property name="java.vm.specification.vendor" value="Oracle Corporation"/>
    <property name="java.specification.name" value="Java Platform API Specification"/>
    <property name="java.awt.graphicsenv" value="sun.awt.Win32GraphicsEnvironment"/>
    <property name="surefire.real.class.path" value="C:\Users\mathe\AppData\Local\Temp\surefire4633659040477553675\surefirebooter4096962591830337976.jar;C:\Users\mathe\.m2\repository/org/aspectj/aspectjweaver/1.9.1/aspectjweaver-1.9.1.jar"/>
    <property name="sun.boot.class.path" value="C:\Program Files\Eclipse Foundation\jdk-8.0.302.8-hotspot\jre\lib\resources.jar;C:\Program Files\Eclipse Foundation\jdk-8.0.302.8-hotspot\jre\lib\rt.jar;C:\Program Files\Eclipse Foundation\jdk-8.0.302.8-hotspot\jre\lib\sunrsasign.jar;C:\Program Files\Eclipse Foundation\jdk-8.0.302.8-hotspot\jre\lib\jsse.jar;C:\Program Files\Eclipse Foundation\jdk-8.0.302.8-hotspot\jre\lib\jce.jar;C:\Program Files\Eclipse Foundation\jdk-8.0.302.8-hotspot\jre\lib\charsets.jar;C:\Program Files\Eclipse Foundation\jdk-8.0.302.8-hotspot\jre\lib\jfr.jar;C:\Program Files\Eclipse Foundation\jdk-8.0.302.8-hotspot\jre\classes"/>
    <property name="user.script" value=""/>
    <property name="sun.management.compiler" value="HotSpot 64-Bit Tiered Compilers"/>
    <property name="java.runtime.version" value="1.8.0_302-b08"/>
    <property name="user.name" value="mathe"/>
    <property name="path.separator" value=";"/>
    <property name="os.version" value="10.0"/>
    <property name="java.endorsed.dirs" value="C:\Program Files\Eclipse Foundation\jdk-8.0.302.8-hotspot\jre\lib\endorsed"/>
    <property name="java.runtime.name" value="OpenJDK Runtime Environment"/>
    <property name="file.encoding" value="Cp1252"/>
    <property name="java.vm.name" value="OpenJDK 64-Bit Server VM"/>
    <property name="localRepository" value="C:\Users\mathe\.m2\repository"/>
    <property name="java.vendor.url.bug" value="https://github.com/adoptium/adoptium-support/issues"/>
    <property name="java.io.tmpdir" value="C:\Users\mathe\AppData\Local\Temp\"/>
    <property name="idea.version" value="2021.2.3"/>
    <property name="java.version" value="1.8.0_302"/>
    <property name="user.dir" value="D:\OneDrive\TecnologiaInformacao\CWI-Reset\restassuredapitesting"/>
    <property name="os.arch" value="amd64"/>
    <property name="java.vm.specification.name" value="Java Virtual Machine Specification"/>
    <property name="java.awt.printerjob" value="sun.awt.windows.WPrinterJob"/>
    <property name="sun.os.patch.level" value=""/>
    <property name="java.library.path" value="C:\Program Files\Eclipse Foundation\jdk-8.0.302.8-hotspot\jre\bin;C:\WINDOWS\Sun\Java\bin;C:\WINDOWS\system32;C:\WINDOWS;C:\Program Files\Eclipse Foundation\jdk-8.0.302.8-hotspot\bin;C:\Users\mathe\AppData\Local\Programs\Python\Python39\Scripts\;C:\Users\mathe\AppData\Local\Programs\Python\Python39\;C:\Windows\system32;C:\Windows;C:\Windows\System32\Wbem;C:\Windows\System32\WindowsPowerShell\v1.0\;C:\Windows\System32\OpenSSH\;C:\Program Files (x86)\NVIDIA Corporation\PhysX\Common;C:\Program Files\NVIDIA Corporation\NVIDIA NvDLISR;C:\Users\mathe\AppData\Roaming\Python\Python39\Scripts;C:\WINDOWS\system32;C:\WINDOWS;C:\WINDOWS\System32\Wbem;C:\WINDOWS\System32\WindowsPowerShell\v1.0\;C:\WINDOWS\System32\OpenSSH\;C:\Program Files\nodejs\;C:\ProgramData\chocolatey\bin;C:\Program Files\Git\cmd;C:\Users\mathe\scoop\shims;C:\Users\mathe\AppData\Local\Microsoft\WindowsApps;C:\Users\mathe\AppData\Local\Programs\Microsoft VS Code\bin;C:\Users\mathe\AppData\Roaming\npm;C:\Program Files (x86)\GitHub CLI\;;."/>
    <property name="java.vm.info" value="mixed mode"/>
    <property name="java.vendor" value="Temurin"/>
    <property name="java.vm.version" value="25.302-b08"/>
    <property name="java.ext.dirs" value="C:\Program Files\Eclipse Foundation\jdk-8.0.302.8-hotspot\jre\lib\ext;C:\WINDOWS\Sun\Java\lib\ext"/>
    <property name="sun.io.unicode.encoding" value="UnicodeLittle"/>
    <property name="java.class.version" value="52.0"/>
  </properties>
  <testcase name="validateBookingFilterByFirstName" classname="br.com.restassuredapitesting.tests.booking.tests.GetBookingTest" time="8.606"/>
  <testcase name="validateBookingFilterByCheckIn" classname="br.com.restassuredapitesting.tests.booking.tests.GetBookingTest" time="3.135">
    <failure message="1 expectation failed.&#10;Response body doesn&apos;t match expectation.&#10;Expected: a string containing &quot;890&quot;&#10;  Actual: [{&quot;bookingid&quot;:643},{&quot;bookingid&quot;:722},{&quot;bookingid&quot;:853},{&quot;bookingid&quot;:719},{&quot;bookingid&quot;:629},{&quot;bookingid&quot;:569},{&quot;bookingid&quot;:798},{&quot;bookingid&quot;:664},{&quot;bookingid&quot;:790},{&quot;bookingid&quot;:585},{&quot;bookingid&quot;:686},{&quot;bookingid&quot;:196},{&quot;bookingid&quot;:757},{&quot;bookingid&quot;:741},{&quot;bookingid&quot;:840},{&quot;bookingid&quot;:661},{&quot;bookingid&quot;:796},{&quot;bookingid&quot;:855},{&quot;bookingid&quot;:633},{&quot;bookingid&quot;:141},{&quot;bookingid&quot;:816},{&quot;bookingid&quot;:636},{&quot;bookingid&quot;:547},{&quot;bookingid&quot;:925},{&quot;bookingid&quot;:770},{&quot;bookingid&quot;:668},{&quot;bookingid&quot;:564},{&quot;bookingid&quot;:624},{&quot;bookingid&quot;:739},{&quot;bookingid&quot;:641},{&quot;bookingid&quot;:230},{&quot;bookingid&quot;:142},{&quot;bookingid&quot;:839},{&quot;bookingid&quot;:845},{&quot;bookingid&quot;:229},{&quot;bookingid&quot;:414},{&quot;bookingid&quot;:398},{&quot;bookingid&quot;:429},{&quot;bookingid&quot;:399},{&quot;bookingid&quot;:720},{&quot;bookingid&quot;:847},{&quot;bookingid&quot;:750},{&quot;bookingid&quot;:409},{&quot;bookingid&quot;:667},{&quot;bookingid&quot;:423},{&quot;bookingid&quot;:381},{&quot;bookingid&quot;:756},{&quot;bookingid&quot;:395},{&quot;bookingid&quot;:761},{&quot;bookingid&quot;:644},{&quot;bookingid&quot;:818},{&quot;bookingid&quot;:789},{&quot;bookingid&quot;:837},{&quot;bookingid&quot;:873},{&quot;bookingid&quot;:640},{&quot;bookingid&quot;:418},{&quot;bookingid&quot;:856},{&quot;bookingid&quot;:424},{&quot;bookingid&quot;:682},{&quot;bookingid&quot;:877},{&quot;bookingid&quot;:561},{&quot;bookingid&quot;:545},{&quot;bookingid&quot;:936},{&quot;bookingid&quot;:610},{&quot;bookingid&quot;:684},{&quot;bookingid&quot;:587},{&quot;bookingid&quot;:593},{&quot;bookingid&quot;:228},{&quot;bookingid&quot;:526},{&quot;bookingid&quot;:656},{&quot;bookingid&quot;:721},{&quot;bookingid&quot;:431},{&quot;bookingid&quot;:858},{&quot;bookingid&quot;:557},{&quot;bookingid&quot;:575},{&quot;bookingid&quot;:666},{&quot;bookingid&quot;:795},{&quot;bookingid&quot;:852},{&quot;bookingid&quot;:808},{&quot;bookingid&quot;:528},{&quot;bookingid&quot;:334},{&quot;bookingid&quot;:353},{&quot;bookingid&quot;:765},{&quot;bookingid&quot;:357},{&quot;bookingid&quot;:886},{&quot;bookingid&quot;:417},{&quot;bookingid&quot;:767},{&quot;bookingid&quot;:934},{&quot;bookingid&quot;:527},{&quot;bookingid&quot;:866},{&quot;bookingid&quot;:836},{&quot;bookingid&quot;:923},{&quot;bookingid&quot;:940},{&quot;bookingid&quot;:859},{&quot;bookingid&quot;:615},{&quot;bookingid&quot;:752},{&quot;bookingid&quot;:939},{&quot;bookingid&quot;:637},{&quot;bookingid&quot;:937},{&quot;bookingid&quot;:609},{&quot;bookingid&quot;:7},{&quot;bookingid&quot;:665},{&quot;bookingid&quot;:227},{&quot;bookingid&quot;:391},{&quot;bookingid&quot;:556},{&quot;bookingid&quot;:591},{&quot;bookingid&quot;:675},{&quot;bookingid&quot;:647},{&quot;bookingid&quot;:743},{&quot;bookingid&quot;:863},{&quot;bookingid&quot;:683},{&quot;bookingid&quot;:848},{&quot;bookingid&quot;:252},{&quot;bookingid&quot;:755},{&quot;bookingid&quot;:653},{&quot;bookingid&quot;:862},{&quot;bookingid&quot;:635},{&quot;bookingid&quot;:814},{&quot;bookingid&quot;:844},{&quot;bookingid&quot;:400},{&quot;bookingid&quot;:935},{&quot;bookingid&quot;:375},{&quot;bookingid&quot;:600},{&quot;bookingid&quot;:803},{&quot;bookingid&quot;:589},{&quot;bookingid&quot;:412},{&quot;bookingid&quot;:406},{&quot;bookingid&quot;:824},{&quot;bookingid&quot;:694},{&quot;bookingid&quot;:827},{&quot;bookingid&quot;:626},{&quot;bookingid&quot;:565},{&quot;bookingid&quot;:554},{&quot;bookingid&quot;:602},{&quot;bookingid&quot;:568},{&quot;bookingid&quot;:912},{&quot;bookingid&quot;:674},{&quot;bookingid&quot;:740},{&quot;bookingid&quot;:763},{&quot;bookingid&quot;:766},{&quot;bookingid&quot;:734},{&quot;bookingid&quot;:374},{&quot;bookingid&quot;:732},{&quot;bookingid&quot;:224},{&quot;bookingid&quot;:639},{&quot;bookingid&quot;:396},{&quot;bookingid&quot;:723},{&quot;bookingid&quot;:872},{&quot;bookingid&quot;:571},{&quot;bookingid&quot;:825},{&quot;bookingid&quot;:427},{&quot;bookingid&quot;:850},{&quot;bookingid&quot;:404},{&quot;bookingid&quot;:625},{&quot;bookingid&quot;:214},{&quot;bookingid&quot;:938},{&quot;bookingid&quot;:421},{&quot;bookingid&quot;:841},{&quot;bookingid&quot;:854},{&quot;bookingid&quot;:857},{&quot;bookingid&quot;:648},{&quot;bookingid&quot;:627},{&quot;bookingid&quot;:754},{&quot;bookingid&quot;:870},{&quot;bookingid&quot;:541},{&quot;bookingid&quot;:606},{&quot;bookingid&quot;:745},{&quot;bookingid&quot;:672},{&quot;bookingid&quot;:401},{&quot;bookingid&quot;:390},{&quot;bookingid&quot;:657},{&quot;bookingid&quot;:830},{&quot;bookingid&quot;:596},{&quot;bookingid&quot;:831},{&quot;bookingid&quot;:931},{&quot;bookingid&quot;:726},{&quot;bookingid&quot;:377},{&quot;bookingid&quot;:360},{&quot;bookingid&quot;:777},{&quot;bookingid&quot;:651},{&quot;bookingid&quot;:354},{&quot;bookingid&quot;:826},{&quot;bookingid&quot;:829},{&quot;bookingid&quot;:553},{&quot;bookingid&quot;:373},{&quot;bookingid&quot;:769},{&quot;bookingid&quot;:751},{&quot;bookingid&quot;:772},{&quot;bookingid&quot;:804},{&quot;bookingid&quot;:416},{&quot;bookingid&quot;:654},{&quot;bookingid&quot;:403},{&quot;bookingid&quot;:727},{&quot;bookingid&quot;:577},{&quot;bookingid&quot;:225},{&quot;bookingid&quot;:815},{&quot;bookingid&quot;:394},{&quot;bookingid&quot;:846},{&quot;bookingid&quot;:677},{&quot;bookingid&quot;:942},{&quot;bookingid&quot;:388},{&quot;bookingid&quot;:932},{&quot;bookingid&quot;:350},{&quot;bookingid&quot;:566},{&quot;bookingid&quot;:405},{&quot;bookingid&quot;:678},{&quot;bookingid&quot;:393},{&quot;bookingid&quot;:716},{&quot;bookingid&quot;:927},{&quot;bookingid&quot;:924},{&quot;bookingid&quot;:771},{&quot;bookingid&quot;:746},{&quot;bookingid&quot;:680},{&quot;bookingid&quot;:810},{&quot;bookingid&quot;:51},{&quot;bookingid&quot;:791},{&quot;bookingid&quot;:676},{&quot;bookingid&quot;:926},{&quot;bookingid&quot;:800},{&quot;bookingid&quot;:191},{&quot;bookingid&quot;:760},{&quot;bookingid&quot;:582},{&quot;bookingid&quot;:599},{&quot;bookingid&quot;:634},{&quot;bookingid&quot;:764},{&quot;bookingid&quot;:762},{&quot;bookingid&quot;:529},{&quot;bookingid&quot;:616},{&quot;bookingid&quot;:655},{&quot;bookingid&quot;:738},{&quot;bookingid&quot;:559},{&quot;bookingid&quot;:5},{&quot;bookingid&quot;:614},{&quot;bookingid&quot;:821},{&quot;bookingid&quot;:607},{&quot;bookingid&quot;:570},{&quot;bookingid&quot;:860},{&quot;bookingid&quot;:805},{&quot;bookingid&quot;:652},{&quot;bookingid&quot;:642},{&quot;bookingid&quot;:658},{&quot;bookingid&quot;:386},{&quot;bookingid&quot;:759},{&quot;bookingid&quot;:864},{&quot;bookingid&quot;:660},{&quot;bookingid&quot;:578},{&quot;bookingid&quot;:574},{&quot;bookingid&quot;:758},{&quot;bookingid&quot;:874},{&quot;bookingid&quot;:809},{&quot;bookingid&quot;:807},{&quot;bookingid&quot;:685},{&quot;bookingid&quot;:792},{&quot;bookingid&quot;:389},{&quot;bookingid&quot;:384},{&quot;bookingid&quot;:539},{&quot;bookingid&quot;:581},{&quot;bookingid&quot;:833},{&quot;bookingid&quot;:817},{&quot;bookingid&quot;:659},{&quot;bookingid&quot;:671},{&quot;bookingid&quot;:773},{&quot;bookingid&quot;:725},{&quot;bookingid&quot;:411},{&quot;bookingid&quot;:670},{&quot;bookingid&quot;:601},{&quot;bookingid&quot;:733},{&quot;bookingid&quot;:422},{&quot;bookingid&quot;:943},{&quot;bookingid&quot;:735},{&quot;bookingid&quot;:793},{&quot;bookingid&quot;:663},{&quot;bookingid&quot;:729},{&quot;bookingid&quot;:603},{&quot;bookingid&quot;:426},{&quot;bookingid&quot;:631},{&quot;bookingid&quot;:392},{&quot;bookingid&quot;:415},{&quot;bookingid&quot;:420},{&quot;bookingid&quot;:742},{&quot;bookingid&quot;:608},{&quot;bookingid&quot;:551},{&quot;bookingid&quot;:724},{&quot;bookingid&quot;:397},{&quot;bookingid&quot;:645},{&quot;bookingid&quot;:562},{&quot;bookingid&quot;:226},{&quot;bookingid&quot;:628},{&quot;bookingid&quot;:921},{&quot;bookingid&quot;:579},{&quot;bookingid&quot;:573},{&quot;bookingid&quot;:928},{&quot;bookingid&quot;:387},{&quot;bookingid&quot;:868},{&quot;bookingid&quot;:558},{&quot;bookingid&quot;:835},{&quot;bookingid&quot;:597},{&quot;bookingid&quot;:768},{&quot;bookingid&quot;:842},{&quot;bookingid&quot;:944},{&quot;bookingid&quot;:728},{&quot;bookingid&quot;:849},{&quot;bookingid&quot;:632},{&quot;bookingid&quot;:749},{&quot;bookingid&quot;:806},{&quot;bookingid&quot;:851},{&quot;bookingid&quot;:736},{&quot;bookingid&quot;:775},{&quot;bookingid&quot;:638},{&quot;bookingid&quot;:646},{&quot;bookingid&quot;:540},{&quot;bookingid&quot;:605},{&quot;bookingid&quot;:376},{&quot;bookingid&quot;:843},{&quot;bookingid&quot;:425},{&quot;bookingid&quot;:543},{&quot;bookingid&quot;:572},{&quot;bookingid&quot;:823},{&quot;bookingid&quot;:419},{&quot;bookingid&quot;:662},{&quot;bookingid&quot;:613},{&quot;bookingid&quot;:410},{&quot;bookingid&quot;:813},{&quot;bookingid&quot;:753},{&quot;bookingid&quot;:231},{&quot;bookingid&quot;:408},{&quot;bookingid&quot;:797},{&quot;bookingid&quot;:428},{&quot;bookingid&quot;:811},{&quot;bookingid&quot;:402},{&quot;bookingid&quot;:832},{&quot;bookingid&quot;:407},{&quot;bookingid&quot;:941},{&quot;bookingid&quot;:576},{&quot;bookingid&quot;:649},{&quot;bookingid&quot;:933},{&quot;bookingid&quot;:218},{&quot;bookingid&quot;:820},{&quot;bookingid&quot;:679},{&quot;bookingid&quot;:865},{&quot;bookingid&quot;:747},{&quot;bookingid&quot;:595},{&quot;bookingid&quot;:372},{&quot;bookingid&quot;:413},{&quot;bookingid&quot;:922},{&quot;bookingid&quot;:828},{&quot;bookingid&quot;:794},{&quot;bookingid&quot;:598},{&quot;bookingid&quot;:549},{&quot;bookingid&quot;:604}]&#10;" type="java.lang.AssertionError">java.lang.AssertionError: 
1 expectation failed.
Response body doesn't match expectation.
Expected: a string containing "890"
  Actual: [{"bookingid":643},{"bookingid":722},{"bookingid":853},{"bookingid":719},{"bookingid":629},{"bookingid":569},{"bookingid":798},{"bookingid":664},{"bookingid":790},{"bookingid":585},{"bookingid":686},{"bookingid":196},{"bookingid":757},{"bookingid":741},{"bookingid":840},{"bookingid":661},{"bookingid":796},{"bookingid":855},{"bookingid":633},{"bookingid":141},{"bookingid":816},{"bookingid":636},{"bookingid":547},{"bookingid":925},{"bookingid":770},{"bookingid":668},{"bookingid":564},{"bookingid":624},{"bookingid":739},{"bookingid":641},{"bookingid":230},{"bookingid":142},{"bookingid":839},{"bookingid":845},{"bookingid":229},{"bookingid":414},{"bookingid":398},{"bookingid":429},{"bookingid":399},{"bookingid":720},{"bookingid":847},{"bookingid":750},{"bookingid":409},{"bookingid":667},{"bookingid":423},{"bookingid":381},{"bookingid":756},{"bookingid":395},{"bookingid":761},{"bookingid":644},{"bookingid":818},{"bookingid":789},{"bookingid":837},{"bookingid":873},{"bookingid":640},{"bookingid":418},{"bookingid":856},{"bookingid":424},{"bookingid":682},{"bookingid":877},{"bookingid":561},{"bookingid":545},{"bookingid":936},{"bookingid":610},{"bookingid":684},{"bookingid":587},{"bookingid":593},{"bookingid":228},{"bookingid":526},{"bookingid":656},{"bookingid":721},{"bookingid":431},{"bookingid":858},{"bookingid":557},{"bookingid":575},{"bookingid":666},{"bookingid":795},{"bookingid":852},{"bookingid":808},{"bookingid":528},{"bookingid":334},{"bookingid":353},{"bookingid":765},{"bookingid":357},{"bookingid":886},{"bookingid":417},{"bookingid":767},{"bookingid":934},{"bookingid":527},{"bookingid":866},{"bookingid":836},{"bookingid":923},{"bookingid":940},{"bookingid":859},{"bookingid":615},{"bookingid":752},{"bookingid":939},{"bookingid":637},{"bookingid":937},{"bookingid":609},{"bookingid":7},{"bookingid":665},{"bookingid":227},{"bookingid":391},{"bookingid":556},{"bookingid":591},{"bookingid":675},{"bookingid":647},{"bookingid":743},{"bookingid":863},{"bookingid":683},{"bookingid":848},{"bookingid":252},{"bookingid":755},{"bookingid":653},{"bookingid":862},{"bookingid":635},{"bookingid":814},{"bookingid":844},{"bookingid":400},{"bookingid":935},{"bookingid":375},{"bookingid":600},{"bookingid":803},{"bookingid":589},{"bookingid":412},{"bookingid":406},{"bookingid":824},{"bookingid":694},{"bookingid":827},{"bookingid":626},{"bookingid":565},{"bookingid":554},{"bookingid":602},{"bookingid":568},{"bookingid":912},{"bookingid":674},{"bookingid":740},{"bookingid":763},{"bookingid":766},{"bookingid":734},{"bookingid":374},{"bookingid":732},{"bookingid":224},{"bookingid":639},{"bookingid":396},{"bookingid":723},{"bookingid":872},{"bookingid":571},{"bookingid":825},{"bookingid":427},{"bookingid":850},{"bookingid":404},{"bookingid":625},{"bookingid":214},{"bookingid":938},{"bookingid":421},{"bookingid":841},{"bookingid":854},{"bookingid":857},{"bookingid":648},{"bookingid":627},{"bookingid":754},{"bookingid":870},{"bookingid":541},{"bookingid":606},{"bookingid":745},{"bookingid":672},{"bookingid":401},{"bookingid":390},{"bookingid":657},{"bookingid":830},{"bookingid":596},{"bookingid":831},{"bookingid":931},{"bookingid":726},{"bookingid":377},{"bookingid":360},{"bookingid":777},{"bookingid":651},{"bookingid":354},{"bookingid":826},{"bookingid":829},{"bookingid":553},{"bookingid":373},{"bookingid":769},{"bookingid":751},{"bookingid":772},{"bookingid":804},{"bookingid":416},{"bookingid":654},{"bookingid":403},{"bookingid":727},{"bookingid":577},{"bookingid":225},{"bookingid":815},{"bookingid":394},{"bookingid":846},{"bookingid":677},{"bookingid":942},{"bookingid":388},{"bookingid":932},{"bookingid":350},{"bookingid":566},{"bookingid":405},{"bookingid":678},{"bookingid":393},{"bookingid":716},{"bookingid":927},{"bookingid":924},{"bookingid":771},{"bookingid":746},{"bookingid":680},{"bookingid":810},{"bookingid":51},{"bookingid":791},{"bookingid":676},{"bookingid":926},{"bookingid":800},{"bookingid":191},{"bookingid":760},{"bookingid":582},{"bookingid":599},{"bookingid":634},{"bookingid":764},{"bookingid":762},{"bookingid":529},{"bookingid":616},{"bookingid":655},{"bookingid":738},{"bookingid":559},{"bookingid":5},{"bookingid":614},{"bookingid":821},{"bookingid":607},{"bookingid":570},{"bookingid":860},{"bookingid":805},{"bookingid":652},{"bookingid":642},{"bookingid":658},{"bookingid":386},{"bookingid":759},{"bookingid":864},{"bookingid":660},{"bookingid":578},{"bookingid":574},{"bookingid":758},{"bookingid":874},{"bookingid":809},{"bookingid":807},{"bookingid":685},{"bookingid":792},{"bookingid":389},{"bookingid":384},{"bookingid":539},{"bookingid":581},{"bookingid":833},{"bookingid":817},{"bookingid":659},{"bookingid":671},{"bookingid":773},{"bookingid":725},{"bookingid":411},{"bookingid":670},{"bookingid":601},{"bookingid":733},{"bookingid":422},{"bookingid":943},{"bookingid":735},{"bookingid":793},{"bookingid":663},{"bookingid":729},{"bookingid":603},{"bookingid":426},{"bookingid":631},{"bookingid":392},{"bookingid":415},{"bookingid":420},{"bookingid":742},{"bookingid":608},{"bookingid":551},{"bookingid":724},{"bookingid":397},{"bookingid":645},{"bookingid":562},{"bookingid":226},{"bookingid":628},{"bookingid":921},{"bookingid":579},{"bookingid":573},{"bookingid":928},{"bookingid":387},{"bookingid":868},{"bookingid":558},{"bookingid":835},{"bookingid":597},{"bookingid":768},{"bookingid":842},{"bookingid":944},{"bookingid":728},{"bookingid":849},{"bookingid":632},{"bookingid":749},{"bookingid":806},{"bookingid":851},{"bookingid":736},{"bookingid":775},{"bookingid":638},{"bookingid":646},{"bookingid":540},{"bookingid":605},{"bookingid":376},{"bookingid":843},{"bookingid":425},{"bookingid":543},{"bookingid":572},{"bookingid":823},{"bookingid":419},{"bookingid":662},{"bookingid":613},{"bookingid":410},{"bookingid":813},{"bookingid":753},{"bookingid":231},{"bookingid":408},{"bookingid":797},{"bookingid":428},{"bookingid":811},{"bookingid":402},{"bookingid":832},{"bookingid":407},{"bookingid":941},{"bookingid":576},{"bookingid":649},{"bookingid":933},{"bookingid":218},{"bookingid":820},{"bookingid":679},{"bookingid":865},{"bookingid":747},{"bookingid":595},{"bookingid":372},{"bookingid":413},{"bookingid":922},{"bookingid":828},{"bookingid":794},{"bookingid":598},{"bookingid":549},{"bookingid":604}]

	at br.com.restassuredapitesting.tests.booking.tests.GetBookingTest.validateBookingFilterByCheckIn(GetBookingTest.java:98)
</failure>
  </testcase>
  <testcase name="validateSchemaFromBookingReturnIds" classname="br.com.restassuredapitesting.tests.booking.tests.GetBookingTest" time="1.382"/>
  <testcase name="validateBookingReturnIds" classname="br.com.restassuredapitesting.tests.booking.tests.GetBookingTest" time="1.649"/>
  <testcase name="validateBookingFilterByDoubleCheckOut" classname="br.com.restassuredapitesting.tests.booking.tests.GetBookingTest" time="3.482">
    <failure message="1 expectation failed.&#10;Expected status code &lt;200&gt; but was &lt;500&gt;.&#10;" type="java.lang.AssertionError"><![CDATA[java.lang.AssertionError: 
1 expectation failed.
Expected status code <200> but was <500>.

	at br.com.restassuredapitesting.tests.booking.tests.GetBookingTest.validateBookingFilterByDoubleCheckOut(GetBookingTest.java:123)
]]></failure>
  </testcase>
  <testcase name="validateBookingFilterByCheckOut" classname="br.com.restassuredapitesting.tests.booking.tests.GetBookingTest" time="3.665"/>
  <testcase name="validateServerErrorOnBadBookingFilter" classname="br.com.restassuredapitesting.tests.booking.tests.GetBookingTest" time="0.774">
    <failure message="1 expectation failed.&#10;Expected status code &lt;500&gt; but was &lt;200&gt;.&#10;" type="java.lang.AssertionError"><![CDATA[java.lang.AssertionError: 
1 expectation failed.
Expected status code <500> but was <200>.

	at br.com.restassuredapitesting.tests.booking.tests.GetBookingTest.validateServerErrorOnBadBookingFilter(GetBookingTest.java:149)
]]></failure>
  </testcase>
  <testcase name="validateSchemaFromSingleBooking" classname="br.com.restassuredapitesting.tests.booking.tests.GetBookingTest" time="2.563"/>
  <testcase name="validateBookingFilter" classname="br.com.restassuredapitesting.tests.booking.tests.GetBookingTest" time="4.88">
    <failure message="1 expectation failed.&#10;Response body doesn&apos;t match expectation.&#10;Expected: a string containing &quot;890&quot;&#10;  Actual: []&#10;" type="java.lang.AssertionError">java.lang.AssertionError: 
1 expectation failed.
Response body doesn't match expectation.
Expected: a string containing "890"
  Actual: []

	at br.com.restassuredapitesting.tests.booking.tests.GetBookingTest.validateBookingFilter(GetBookingTest.java:139)
</failure>
  </testcase>
  <testcase name="validateBookingFilterByLastName" classname="br.com.restassuredapitesting.tests.booking.tests.GetBookingTest" time="3.657"/>
  <testcase name="healthCheck" classname="br.com.restassuredapitesting.tests.ping.tests.GetPingTest" time="1.086"/>
  <testcase name="validateCreateAuthToken" classname="br.com.restassuredapitesting.tests.auth.tests.PostAuthTest" time="1.105"/>
  <testcase name="validatePostNewBookingWrongHeader" classname="br.com.restassuredapitesting.tests.booking.tests.PostBookingTest" time="1.147"/>
  <testcase name="validatePostNewBookingExtraData" classname="br.com.restassuredapitesting.tests.booking.tests.PostBookingTest" time="0.94"/>
  <testcase name="validatePostTwoNewBookingSequentially" classname="br.com.restassuredapitesting.tests.booking.tests.PostBookingTest" time="2.667"/>
  <testcase name="validateServerErrorOnBadPostNewBooking" classname="br.com.restassuredapitesting.tests.booking.tests.PostBookingTest" time="1.241"/>
  <testcase name="validatePostNewBooking" classname="br.com.restassuredapitesting.tests.booking.tests.PostBookingTest" time="2.289"/>
  <testcase name="validateBookingModificationUsingBasicAuth" classname="br.com.restassuredapitesting.tests.booking.tests.PutBookingTest" time="4.309"/>
  <testcase name="validateBookingModificationUsingAuthToken" classname="br.com.restassuredapitesting.tests.booking.tests.PutBookingTest" time="3.075"/>
  <testcase name="validateClientErrorAndNoWriteOnDeleteExistingBookingWithoutAuthToken" classname="br.com.restassuredapitesting.tests.booking.tests.DeleteBookingTest" time="5.74"/>
  <testcase name="validateDeletingOneBookingUsingAuthToken" classname="br.com.restassuredapitesting.tests.booking.tests.DeleteBookingTest" time="6.908"/>
  <testcase name="validateClientErrorOnDeleteNonExistentBookingWithAuthToken" classname="br.com.restassuredapitesting.tests.booking.tests.DeleteBookingTest" time="0.001"/>
</testsuite>